<?xml version="1.0" encoding="UTF-8"?>
<testsuite xmlns:xsi="http://www.w3.org/2001/XMLSchema-instance" xsi:noNamespaceSchemaLocation="https://maven.apache.org/surefire/maven-surefire-plugin/xsd/surefire-test-report.xsd" name="wxx.example.test.TestApplicationTests" time="1.66" tests="1" errors="0" skipped="0" failures="0">
  <properties>
    <property name="sun.desktop" value="windows"/>
    <property name="awt.toolkit" value="sun.awt.windows.WToolkit"/>
    <property name="file.encoding.pkg" value="sun.io"/>
    <property name="java.specification.version" value="1.8"/>
    <property name="sun.cpu.isalist" value="amd64"/>
    <property name="sun.jnu.encoding" value="GBK"/>
    <property name="java.class.path" value="D:\java_project\zpepdi_system\test\target\test-classes;D:\java_project\zpepdi_system\test\target\classes;D:\Java_tools\apache-maven-3.6.3\repo\org\springframework\boot\spring-boot-starter\2.7.5\spring-boot-starter-2.7.5.jar;D:\Java_tools\apache-maven-3.6.3\repo\org\springframework\boot\spring-boot\2.7.5\spring-boot-2.7.5.jar;D:\Java_tools\apache-maven-3.6.3\repo\org\springframework\spring-context\5.3.23\spring-context-5.3.23.jar;D:\Java_tools\apache-maven-3.6.3\repo\org\springframework\boot\spring-boot-autoconfigure\2.7.5\spring-boot-autoconfigure-2.7.5.jar;D:\Java_tools\apache-maven-3.6.3\repo\org\springframework\boot\spring-boot-starter-logging\2.7.5\spring-boot-starter-logging-2.7.5.jar;D:\Java_tools\apache-maven-3.6.3\repo\ch\qos\logback\logback-classic\1.2.11\logback-classic-1.2.11.jar;D:\Java_tools\apache-maven-3.6.3\repo\ch\qos\logback\logback-core\1.2.11\logback-core-1.2.11.jar;D:\Java_tools\apache-maven-3.6.3\repo\org\apache\logging\log4j\log4j-to-slf4j\2.17.2\log4j-to-slf4j-2.17.2.jar;D:\Java_tools\apache-maven-3.6.3\repo\org\apache\logging\log4j\log4j-api\2.17.2\log4j-api-2.17.2.jar;D:\Java_tools\apache-maven-3.6.3\repo\org\slf4j\jul-to-slf4j\1.7.36\jul-to-slf4j-1.7.36.jar;D:\Java_tools\apache-maven-3.6.3\repo\jakarta\annotation\jakarta.annotation-api\1.3.5\jakarta.annotation-api-1.3.5.jar;D:\Java_tools\apache-maven-3.6.3\repo\org\springframework\spring-core\5.3.23\spring-core-5.3.23.jar;D:\Java_tools\apache-maven-3.6.3\repo\org\springframework\spring-jcl\5.3.23\spring-jcl-5.3.23.jar;D:\Java_tools\apache-maven-3.6.3\repo\org\yaml\snakeyaml\1.30\snakeyaml-1.30.jar;D:\Java_tools\apache-maven-3.6.3\repo\org\springframework\boot\spring-boot-starter-test\2.7.5\spring-boot-starter-test-2.7.5.jar;D:\Java_tools\apache-maven-3.6.3\repo\org\springframework\boot\spring-boot-test\2.7.5\spring-boot-test-2.7.5.jar;D:\Java_tools\apache-maven-3.6.3\repo\org\springframework\boot\spring-boot-test-autoconfigure\2.7.5\spring-boot-test-autoconfigure-2.7.5.jar;D:\Java_tools\apache-maven-3.6.3\repo\com\jayway\jsonpath\json-path\2.7.0\json-path-2.7.0.jar;D:\Java_tools\apache-maven-3.6.3\repo\net\minidev\json-smart\2.4.8\json-smart-2.4.8.jar;D:\Java_tools\apache-maven-3.6.3\repo\net\minidev\accessors-smart\2.4.8\accessors-smart-2.4.8.jar;D:\Java_tools\apache-maven-3.6.3\repo\org\ow2\asm\asm\9.1\asm-9.1.jar;D:\Java_tools\apache-maven-3.6.3\repo\org\slf4j\slf4j-api\1.7.36\slf4j-api-1.7.36.jar;D:\Java_tools\apache-maven-3.6.3\repo\jakarta\xml\bind\jakarta.xml.bind-api\2.3.3\jakarta.xml.bind-api-2.3.3.jar;D:\Java_tools\apache-maven-3.6.3\repo\jakarta\activation\jakarta.activation-api\1.2.2\jakarta.activation-api-1.2.2.jar;D:\Java_tools\apache-maven-3.6.3\repo\org\assertj\assertj-core\3.22.0\assertj-core-3.22.0.jar;D:\Java_tools\apache-maven-3.6.3\repo\org\hamcrest\hamcrest\2.2\hamcrest-2.2.jar;D:\Java_tools\apache-maven-3.6.3\repo\org\junit\jupiter\junit-jupiter\5.8.2\junit-jupiter-5.8.2.jar;D:\Java_tools\apache-maven-3.6.3\repo\org\junit\jupiter\junit-jupiter-api\5.8.2\junit-jupiter-api-5.8.2.jar;D:\Java_tools\apache-maven-3.6.3\repo\org\opentest4j\opentest4j\1.2.0\opentest4j-1.2.0.jar;D:\Java_tools\apache-maven-3.6.3\repo\org\junit\platform\junit-platform-commons\1.8.2\junit-platform-commons-1.8.2.jar;D:\Java_tools\apache-maven-3.6.3\repo\org\apiguardian\apiguardian-api\1.1.2\apiguardian-api-1.1.2.jar;D:\Java_tools\apache-maven-3.6.3\repo\org\junit\jupiter\junit-jupiter-params\5.8.2\junit-jupiter-params-5.8.2.jar;D:\Java_tools\apache-maven-3.6.3\repo\org\junit\jupiter\junit-jupiter-engine\5.8.2\junit-jupiter-engine-5.8.2.jar;D:\Java_tools\apache-maven-3.6.3\repo\org\junit\platform\junit-platform-engine\1.8.2\junit-platform-engine-1.8.2.jar;D:\Java_tools\apache-maven-3.6.3\repo\org\mockito\mockito-core\4.5.1\mockito-core-4.5.1.jar;D:\Java_tools\apache-maven-3.6.3\repo\net\bytebuddy\byte-buddy\1.12.18\byte-buddy-1.12.18.jar;D:\Java_tools\apache-maven-3.6.3\repo\net\bytebuddy\byte-buddy-agent\1.12.18\byte-buddy-agent-1.12.18.jar;D:\Java_tools\apache-maven-3.6.3\repo\org\objenesis\objenesis\3.2\objenesis-3.2.jar;D:\Java_tools\apache-maven-3.6.3\repo\org\mockito\mockito-junit-jupiter\4.5.1\mockito-junit-jupiter-4.5.1.jar;D:\Java_tools\apache-maven-3.6.3\repo\org\skyscreamer\jsonassert\1.5.1\jsonassert-1.5.1.jar;D:\Java_tools\apache-maven-3.6.3\repo\com\vaadin\external\google\android-json\0.0.20131108.vaadin1\android-json-0.0.20131108.vaadin1.jar;D:\Java_tools\apache-maven-3.6.3\repo\org\springframework\spring-test\5.3.23\spring-test-5.3.23.jar;D:\Java_tools\apache-maven-3.6.3\repo\org\xmlunit\xmlunit-core\2.9.0\xmlunit-core-2.9.0.jar;D:\Java_tools\apache-maven-3.6.3\repo\org\springframework\boot\spring-boot-starter-web\2.7.5\spring-boot-starter-web-2.7.5.jar;D:\Java_tools\apache-maven-3.6.3\repo\org\springframework\boot\spring-boot-starter-json\2.7.5\spring-boot-starter-json-2.7.5.jar;D:\Java_tools\apache-maven-3.6.3\repo\com\fasterxml\jackson\datatype\jackson-datatype-jdk8\2.13.4\jackson-datatype-jdk8-2.13.4.jar;D:\Java_tools\apache-maven-3.6.3\repo\com\fasterxml\jackson\datatype\jackson-datatype-jsr310\2.13.4\jackson-datatype-jsr310-2.13.4.jar;D:\Java_tools\apache-maven-3.6.3\repo\com\fasterxml\jackson\module\jackson-module-parameter-names\2.13.4\jackson-module-parameter-names-2.13.4.jar;D:\Java_tools\apache-maven-3.6.3\repo\org\springframework\boot\spring-boot-starter-tomcat\2.7.5\spring-boot-starter-tomcat-2.7.5.jar;D:\Java_tools\apache-maven-3.6.3\repo\org\apache\tomcat\embed\tomcat-embed-core\9.0.68\tomcat-embed-core-9.0.68.jar;D:\Java_tools\apache-maven-3.6.3\repo\org\apache\tomcat\embed\tomcat-embed-el\9.0.68\tomcat-embed-el-9.0.68.jar;D:\Java_tools\apache-maven-3.6.3\repo\org\apache\tomcat\embed\tomcat-embed-websocket\9.0.68\tomcat-embed-websocket-9.0.68.jar;D:\Java_tools\apache-maven-3.6.3\repo\org\springframework\spring-web\5.3.23\spring-web-5.3.23.jar;D:\Java_tools\apache-maven-3.6.3\repo\org\springframework\spring-beans\5.3.23\spring-beans-5.3.23.jar;D:\Java_tools\apache-maven-3.6.3\repo\org\springframework\spring-webmvc\5.3.23\spring-webmvc-5.3.23.jar;D:\Java_tools\apache-maven-3.6.3\repo\org\springframework\spring-aop\5.3.23\spring-aop-5.3.23.jar;D:\Java_tools\apache-maven-3.6.3\repo\org\springframework\spring-expression\5.3.23\spring-expression-5.3.23.jar;D:\Java_tools\apache-maven-3.6.3\repo\io\jsonwebtoken\jjwt\0.9.1\jjwt-0.9.1.jar;D:\Java_tools\apache-maven-3.6.3\repo\com\fasterxml\jackson\core\jackson-databind\2.13.4.2\jackson-databind-2.13.4.2.jar;D:\Java_tools\apache-maven-3.6.3\repo\com\fasterxml\jackson\core\jackson-annotations\2.13.4\jackson-annotations-2.13.4.jar;D:\Java_tools\apache-maven-3.6.3\repo\com\fasterxml\jackson\core\jackson-core\2.13.4\jackson-core-2.13.4.jar;"/>
    <property name="java.vm.vendor" value="Oracle Corporation"/>
    <property name="sun.arch.data.model" value="64"/>
    <property name="user.variant" value=""/>
    <property name="java.vendor.url" value="http://java.oracle.com/"/>
    <property name="user.timezone" value="Asia/Shanghai"/>
    <property name="java.vm.specification.version" value="1.8"/>
    <property name="os.name" value="Windows 10"/>
    <property name="user.country" value="CN"/>
    <property name="sun.java.launcher" value="SUN_STANDARD"/>
    <property name="sun.boot.library.path" value="C:\Program Files\Java\jdk1.8.0_131\jre\bin"/>
    <property name="sun.java.command" value="C:\Users\11056\AppData\Local\Temp\surefire8500135074469238908\surefirebooter1031973666703962504.jar C:\Users\11056\AppData\Local\Temp\surefire8500135074469238908 2022-11-24T09-38-19_710-jvmRun1 surefire7288795585493149919tmp surefire_01995586772221309836tmp"/>
    <property name="surefire.test.class.path" value="D:\java_project\zpepdi_system\test\target\test-classes;D:\java_project\zpepdi_system\test\target\classes;D:\Java_tools\apache-maven-3.6.3\repo\org\springframework\boot\spring-boot-starter\2.7.5\spring-boot-starter-2.7.5.jar;D:\Java_tools\apache-maven-3.6.3\repo\org\springframework\boot\spring-boot\2.7.5\spring-boot-2.7.5.jar;D:\Java_tools\apache-maven-3.6.3\repo\org\springframework\spring-context\5.3.23\spring-context-5.3.23.jar;D:\Java_tools\apache-maven-3.6.3\repo\org\springframework\boot\spring-boot-autoconfigure\2.7.5\spring-boot-autoconfigure-2.7.5.jar;D:\Java_tools\apache-maven-3.6.3\repo\org\springframework\boot\spring-boot-starter-logging\2.7.5\spring-boot-starter-logging-2.7.5.jar;D:\Java_tools\apache-maven-3.6.3\repo\ch\qos\logback\logback-classic\1.2.11\logback-classic-1.2.11.jar;D:\Java_tools\apache-maven-3.6.3\repo\ch\qos\logback\logback-core\1.2.11\logback-core-1.2.11.jar;D:\Java_tools\apache-maven-3.6.3\repo\org\apache\logging\log4j\log4j-to-slf4j\2.17.2\log4j-to-slf4j-2.17.2.jar;D:\Java_tools\apache-maven-3.6.3\repo\org\apache\logging\log4j\log4j-api\2.17.2\log4j-api-2.17.2.jar;D:\Java_tools\apache-maven-3.6.3\repo\org\slf4j\jul-to-slf4j\1.7.36\jul-to-slf4j-1.7.36.jar;D:\Java_tools\apache-maven-3.6.3\repo\jakarta\annotation\jakarta.annotation-api\1.3.5\jakarta.annotation-api-1.3.5.jar;D:\Java_tools\apache-maven-3.6.3\repo\org\springframework\spring-core\5.3.23\spring-core-5.3.23.jar;D:\Java_tools\apache-maven-3.6.3\repo\org\springframework\spring-jcl\5.3.23\spring-jcl-5.3.23.jar;D:\Java_tools\apache-maven-3.6.3\repo\org\yaml\snakeyaml\1.30\snakeyaml-1.30.jar;D:\Java_tools\apache-maven-3.6.3\repo\org\springframework\boot\spring-boot-starter-test\2.7.5\spring-boot-starter-test-2.7.5.jar;D:\Java_tools\apache-maven-3.6.3\repo\org\springframework\boot\spring-boot-test\2.7.5\spring-boot-test-2.7.5.jar;D:\Java_tools\apache-maven-3.6.3\repo\org\springframework\boot\spring-boot-test-autoconfigure\2.7.5\spring-boot-test-autoconfigure-2.7.5.jar;D:\Java_tools\apache-maven-3.6.3\repo\com\jayway\jsonpath\json-path\2.7.0\json-path-2.7.0.jar;D:\Java_tools\apache-maven-3.6.3\repo\net\minidev\json-smart\2.4.8\json-smart-2.4.8.jar;D:\Java_tools\apache-maven-3.6.3\repo\net\minidev\accessors-smart\2.4.8\accessors-smart-2.4.8.jar;D:\Java_tools\apache-maven-3.6.3\repo\org\ow2\asm\asm\9.1\asm-9.1.jar;D:\Java_tools\apache-maven-3.6.3\repo\org\slf4j\slf4j-api\1.7.36\slf4j-api-1.7.36.jar;D:\Java_tools\apache-maven-3.6.3\repo\jakarta\xml\bind\jakarta.xml.bind-api\2.3.3\jakarta.xml.bind-api-2.3.3.jar;D:\Java_tools\apache-maven-3.6.3\repo\jakarta\activation\jakarta.activation-api\1.2.2\jakarta.activation-api-1.2.2.jar;D:\Java_tools\apache-maven-3.6.3\repo\org\assertj\assertj-core\3.22.0\assertj-core-3.22.0.jar;D:\Java_tools\apache-maven-3.6.3\repo\org\hamcrest\hamcrest\2.2\hamcrest-2.2.jar;D:\Java_tools\apache-maven-3.6.3\repo\org\junit\jupiter\junit-jupiter\5.8.2\junit-jupiter-5.8.2.jar;D:\Java_tools\apache-maven-3.6.3\repo\org\junit\jupiter\junit-jupiter-api\5.8.2\junit-jupiter-api-5.8.2.jar;D:\Java_tools\apache-maven-3.6.3\repo\org\opentest4j\opentest4j\1.2.0\opentest4j-1.2.0.jar;D:\Java_tools\apache-maven-3.6.3\repo\org\junit\platform\junit-platform-commons\1.8.2\junit-platform-commons-1.8.2.jar;D:\Java_tools\apache-maven-3.6.3\repo\org\apiguardian\apiguardian-api\1.1.2\apiguardian-api-1.1.2.jar;D:\Java_tools\apache-maven-3.6.3\repo\org\junit\jupiter\junit-jupiter-params\5.8.2\junit-jupiter-params-5.8.2.jar;D:\Java_tools\apache-maven-3.6.3\repo\org\junit\jupiter\junit-jupiter-engine\5.8.2\junit-jupiter-engine-5.8.2.jar;D:\Java_tools\apache-maven-3.6.3\repo\org\junit\platform\junit-platform-engine\1.8.2\junit-platform-engine-1.8.2.jar;D:\Java_tools\apache-maven-3.6.3\repo\org\mockito\mockito-core\4.5.1\mockito-core-4.5.1.jar;D:\Java_tools\apache-maven-3.6.3\repo\net\bytebuddy\byte-buddy\1.12.18\byte-buddy-1.12.18.jar;D:\Java_tools\apache-maven-3.6.3\repo\net\bytebuddy\byte-buddy-agent\1.12.18\byte-buddy-agent-1.12.18.jar;D:\Java_tools\apache-maven-3.6.3\repo\org\objenesis\objenesis\3.2\objenesis-3.2.jar;D:\Java_tools\apache-maven-3.6.3\repo\org\mockito\mockito-junit-jupiter\4.5.1\mockito-junit-jupiter-4.5.1.jar;D:\Java_tools\apache-maven-3.6.3\repo\org\skyscreamer\jsonassert\1.5.1\jsonassert-1.5.1.jar;D:\Java_tools\apache-maven-3.6.3\repo\com\vaadin\external\google\android-json\0.0.20131108.vaadin1\android-json-0.0.20131108.vaadin1.jar;D:\Java_tools\apache-maven-3.6.3\repo\org\springframework\spring-test\5.3.23\spring-test-5.3.23.jar;D:\Java_tools\apache-maven-3.6.3\repo\org\xmlunit\xmlunit-core\2.9.0\xmlunit-core-2.9.0.jar;D:\Java_tools\apache-maven-3.6.3\repo\org\springframework\boot\spring-boot-starter-web\2.7.5\spring-boot-starter-web-2.7.5.jar;D:\Java_tools\apache-maven-3.6.3\repo\org\springframework\boot\spring-boot-starter-json\2.7.5\spring-boot-starter-json-2.7.5.jar;D:\Java_tools\apache-maven-3.6.3\repo\com\fasterxml\jackson\datatype\jackson-datatype-jdk8\2.13.4\jackson-datatype-jdk8-2.13.4.jar;D:\Java_tools\apache-maven-3.6.3\repo\com\fasterxml\jackson\datatype\jackson-datatype-jsr310\2.13.4\jackson-datatype-jsr310-2.13.4.jar;D:\Java_tools\apache-maven-3.6.3\repo\com\fasterxml\jackson\module\jackson-module-parameter-names\2.13.4\jackson-module-parameter-names-2.13.4.jar;D:\Java_tools\apache-maven-3.6.3\repo\org\springframework\boot\spring-boot-starter-tomcat\2.7.5\spring-boot-starter-tomcat-2.7.5.jar;D:\Java_tools\apache-maven-3.6.3\repo\org\apache\tomcat\embed\tomcat-embed-core\9.0.68\tomcat-embed-core-9.0.68.jar;D:\Java_tools\apache-maven-3.6.3\repo\org\apache\tomcat\embed\tomcat-embed-el\9.0.68\tomcat-embed-el-9.0.68.jar;D:\Java_tools\apache-maven-3.6.3\repo\org\apache\tomcat\embed\tomcat-embed-websocket\9.0.68\tomcat-embed-websocket-9.0.68.jar;D:\Java_tools\apache-maven-3.6.3\repo\org\springframework\spring-web\5.3.23\spring-web-5.3.23.jar;D:\Java_tools\apache-maven-3.6.3\repo\org\springframework\spring-beans\5.3.23\spring-beans-5.3.23.jar;D:\Java_tools\apache-maven-3.6.3\repo\org\springframework\spring-webmvc\5.3.23\spring-webmvc-5.3.23.jar;D:\Java_tools\apache-maven-3.6.3\repo\org\springframework\spring-aop\5.3.23\spring-aop-5.3.23.jar;D:\Java_tools\apache-maven-3.6.3\repo\org\springframework\spring-expression\5.3.23\spring-expression-5.3.23.jar;D:\Java_tools\apache-maven-3.6.3\repo\io\jsonwebtoken\jjwt\0.9.1\jjwt-0.9.1.jar;D:\Java_tools\apache-maven-3.6.3\repo\com\fasterxml\jackson\core\jackson-databind\2.13.4.2\jackson-databind-2.13.4.2.jar;D:\Java_tools\apache-maven-3.6.3\repo\com\fasterxml\jackson\core\jackson-annotations\2.13.4\jackson-annotations-2.13.4.jar;D:\Java_tools\apache-maven-3.6.3\repo\com\fasterxml\jackson\core\jackson-core\2.13.4\jackson-core-2.13.4.jar;"/>
    <property name="sun.cpu.endian" value="little"/>
    <property name="user.home" value="C:\Users\11056"/>
    <property name="user.language" value="zh"/>
    <property name="java.specification.vendor" value="Oracle Corporation"/>
    <property name="java.home" value="C:\Program Files\Java\jdk1.8.0_131\jre"/>
    <property name="basedir" value="D:\java_project\zpepdi_system\test"/>
    <property name="file.separator" value="\"/>
    <property name="line.separator" value="&#10;"/>
    <property name="java.vm.specification.vendor" value="Oracle Corporation"/>
    <property name="java.specification.name" value="Java Platform API Specification"/>
    <property name="java.awt.graphicsenv" value="sun.awt.Win32GraphicsEnvironment"/>
    <property name="surefire.real.class.path" value="C:\Users\11056\AppData\Local\Temp\surefire8500135074469238908\surefirebooter1031973666703962504.jar"/>
    <property name="sun.boot.class.path" value="C:\Program Files\Java\jdk1.8.0_131\jre\lib\resources.jar;C:\Program Files\Java\jdk1.8.0_131\jre\lib\rt.jar;C:\Program Files\Java\jdk1.8.0_131\jre\lib\sunrsasign.jar;C:\Program Files\Java\jdk1.8.0_131\jre\lib\jsse.jar;C:\Program Files\Java\jdk1.8.0_131\jre\lib\jce.jar;C:\Program Files\Java\jdk1.8.0_131\jre\lib\charsets.jar;C:\Program Files\Java\jdk1.8.0_131\jre\lib\jfr.jar;C:\Program Files\Java\jdk1.8.0_131\jre\classes"/>
    <property name="user.script" value=""/>
    <property name="sun.management.compiler" value="HotSpot 64-Bit Tiered Compilers"/>
    <property name="java.runtime.version" value="1.8.0_131-b11"/>
    <property name="user.name" value="11056"/>
    <property name="path.separator" value=";"/>
    <property name="os.version" value="10.0"/>
    <property name="java.endorsed.dirs" value="C:\Program Files\Java\jdk1.8.0_131\jre\lib\endorsed"/>
    <property name="java.runtime.name" value="Java(TM) SE Runtime Environment"/>
    <property name="file.encoding" value="GBK"/>
    <property name="java.vm.name" value="Java HotSpot(TM) 64-Bit Server VM"/>
    <property name="localRepository" value="D:\Java_tools\apache-maven-3.6.3\repo"/>
    <property name="java.vendor.url.bug" value="http://bugreport.sun.com/bugreport/"/>
    <property name="java.io.tmpdir" value="C:\Users\11056\AppData\Local\Temp\"/>
    <property name="idea.version" value="2022.2.2"/>
    <property name="java.version" value="1.8.0_131"/>
    <property name="user.dir" value="D:\java_project\zpepdi_system\test"/>
    <property name="os.arch" value="amd64"/>
    <property name="java.vm.specification.name" value="Java Virtual Machine Specification"/>
    <property name="java.awt.printerjob" value="sun.awt.windows.WPrinterJob"/>
    <property name="sun.os.patch.level" value=""/>
    <property name="java.library.path" value="C:\Program Files\Java\jdk1.8.0_131\jre\bin;C:\Windows\Sun\Java\bin;C:\Windows\system32;C:\Windows;C:\ProgramData\Oracle\Java\javapath;C:\Windows\System32\HWAudioDriverLibs;C:\Windows\system32;C:\Windows;C:\Windows\System32\Wbem;C:\Windows\System32\WindowsPowerShell\v1.0\;C:\Windows\System32\OpenSSH\;C:\Users\Administrator\AppData\Local\Microsoft\WindowsApps;C:\Program Files\Java\jdk1.8.0_131\bin;D:\Java_tools\Git\cmd;D:\web_tools\node\;C:\Program Files\Docker\Docker\resources\bin;C:\Users\11056\AppData\Local\Microsoft\WindowsApps;C:\Users\11056\AppData\Roaming\npm;."/>
    <property name="java.vm.info" value="mixed mode"/>
    <property name="java.vendor" value="Oracle Corporation"/>
    <property name="java.vm.version" value="25.131-b11"/>
    <property name="java.ext.dirs" value="C:\Program Files\Java\jdk1.8.0_131\jre\lib\ext;C:\Windows\Sun\Java\lib\ext"/>
    <property name="sun.io.unicode.encoding" value="UnicodeLittle"/>
    <property name="maven.repo.local" value="D:\Java_tools\apache-maven-3.6.3\repo"/>
    <property name="java.class.version" value="52.0"/>
  </properties>
  <testcase name="contextLoads" classname="wxx.example.test.TestApplicationTests" time="0.142"/>
</testsuite>